2025-07-21 08:10:00 | WARN | repo=arquillian-phantom-driver | action=test | passed=true
2025-06-10 11:00:00 | DEBUG | repo=arquillian-phantom-driver | action=commit
2025-03-27 15:54:00 | WARN | repo=arquillian-phantom-driver | action=commit
2025-06-01 07:25:00 | DEBUG | repo=arquillian-phantom-driver | action=commit
2025-06-05 16:40:00 | DEBUG | repo=arquillian-phantom-driver | action=pull
2025-11-01 17:18:00 | INFO | repo=arquillian-phantom-driver | action=commit
2025-10-17 08:45:00 | WARN | repo=arquillian-phantom-driver | action=commit
2025-10-08 17:42:00 | WARN | repo=arquillian-phantom-driver | action=commit
2025-05-09 19:33:00 | DEBUG | repo=arquillian-phantom-driver | action=commit
2025-10-08 07:37:00 | DEBUG | repo=arquillian-phantom-driver | action=pull
2025-03-25 20:35:00 | DEBUG | repo=arquillian-phantom-driver | action=commit
2025-07-04 08:58:00 | WARN | repo=arquillian-phantom-driver | action=commit
2025-04-17 11:25:00 | WARN | repo=arquillian-phantom-driver | action=commit
2025-07-28 18:49:00 | DEBUG | repo=arquillian-phantom-driver | action=commit
2025-03-06 11:52:00 | DEBUG | repo=arquillian-phantom-driver | action=commit
2025-02-23 21:39:00 | DEBUG | repo=arquillian-phantom-driver | action=commit
2025-04-09 08:39:00 | DEBUG | repo=arquillian-phantom-driver | action=edit | files=1
2025-01-03 14:57:00 | WARN | repo=arquillian-phantom-driver | action=edit | files=2
2025-08-20 20:45:00 | INFO | repo=arquillian-phantom-driver | action=test | passed=true
2025-12-25 18:57:00 | DEBUG | repo=arquillian-phantom-driver | action=commit
2025-10-01 07:31:00 | INFO | repo=arquillian-phantom-driver | action=commit
2025-12-23 11:51:00 | WARN | repo=arquillian-phantom-driver | action=test | passed=true
2025-03-01 20:30:00 | WARN | repo=arquillian-phantom-driver | action=commit
2025-12-20 13:50:00 | INFO | repo=arquillian-phantom-driver | action=edit | files=4
2025-05-16 08:47:00 | WARN | repo=arquillian-phantom-driver | action=commit
2025-12-13 13:09:00 | INFO | repo=arquillian-phantom-driver | action=commit
2025-03-02 14:43:00 | WARN | repo=arquillian-phantom-driver | action=commit
2025-10-12 08:19:00 | WARN | repo=arquillian-phantom-driver | action=commit
2025-05-27 08:20:00 | WARN | repo=arquillian-phantom-driver | action=commit
2025-07-17 07:48:00 | WARN | repo=arquillian-phantom-driver | action=commit
2025-07-20 18:08:00 | WARN | repo=arquillian-phantom-driver | action=commit
2025-08-22 07:30:00 | INFO | repo=arquillian-phantom-driver | action=commit
2025-05-07 08:40:00 | WARN | repo=arquillian-phantom-driver | action=commit
2025-11-27 18:40:00 | DEBUG | repo=arquillian-phantom-driver | action=commit
2025-08-03 09:46:00 | INFO | repo=arquillian-phantom-driver | action=pull
2025-10-04 12:24:00 | WARN | repo=arquillian-phantom-driver | action=pull
2025-09-06 21:46:00 | DEBUG | repo=arquillian-phantom-driver | action=test | passed=true
2025-11-17 13:12:00 | WARN | repo=arquillian-phantom-driver | action=commit
2025-05-13 10:10:00 | INFO | repo=arquillian-phantom-driver | action=commit
2025-10-03 11:29:00 | INFO | repo=arquillian-phantom-driver | action=commit
2025-08-26 21:01:00 | DEBUG | repo=arquillian-phantom-driver | action=commit
2025-12-03 10:44:00 | INFO | repo=arquillian-phantom-driver | action=pull
2025-12-23 18:51:00 | INFO | repo=arquillian-phantom-driver | action=test | passed=true
2025-01-21 07:17:00 | WARN | repo=arquillian-phantom-driver | action=commit
